\BOOKMARK [0][-]{chapter*.3}{Abstract}{}% 1
\BOOKMARK [0][-]{chapter*.4}{Sommario}{}% 2
\BOOKMARK [0][-]{chapter*.5}{Acknowledgements}{}% 3
\BOOKMARK [0][-]{section*.6}{Contents}{}% 4
\BOOKMARK [0][-]{section*.7}{List of Figures}{}% 5
\BOOKMARK [0][-]{section*.8}{List of Tables}{}% 6
\BOOKMARK [0][-]{chapter.1}{Introduction}{}% 7
\BOOKMARK [0][-]{chapter.2}{State of the Art}{}% 8
\BOOKMARK [1][-]{section.2.1}{Anomaly Detection}{chapter.2}% 9
\BOOKMARK [2][-]{subsection.2.1.1}{Related Works}{section.2.1}% 10
\BOOKMARK [1][-]{section.2.2}{Architectural Components}{chapter.2}% 11
\BOOKMARK [2][-]{subsection.2.2.1}{Generative Adversarial Networks}{section.2.2}% 12
\BOOKMARK [2][-]{subsection.2.2.2}{Autoencoder Networks}{section.2.2}% 13
\BOOKMARK [1][-]{section.2.3}{GAN Based Anomaly Detection Methods}{chapter.2}% 14
\BOOKMARK [2][-]{subsection.2.3.1}{AnoGAN}{section.2.3}% 15
\BOOKMARK [2][-]{subsection.2.3.2}{BiGAN and ALI}{section.2.3}% 16
\BOOKMARK [2][-]{subsection.2.3.3}{ALAD}{section.2.3}% 17
\BOOKMARK [3][-]{subsubsection.2.3.3.1}{Spectral Normalization}{subsection.2.3.3}% 18
\BOOKMARK [3][-]{subsubsection.2.3.3.2}{Conditional Entropy \(ALICE Framework\)}{subsection.2.3.3}% 19
\BOOKMARK [3][-]{subsubsection.2.3.3.3}{ALAD Architecture}{subsection.2.3.3}% 20
\BOOKMARK [2][-]{subsection.2.3.4}{GANomaly \046 Skip-GANomaly}{section.2.3}% 21
\BOOKMARK [0][-]{chapter.3}{Latest Developments}{}% 22
\BOOKMARK [1][-]{section.3.1}{F-AnoGAN Framework}{chapter.3}% 23
\BOOKMARK [1][-]{section.3.2}{Energy Based Generative Adversarial Networks}{chapter.3}% 24
\BOOKMARK [0][-]{chapter.4}{Architectural Improvements}{}% 25
\BOOKMARK [1][-]{section.4.1}{SEM Image Dataset}{chapter.4}% 26
\BOOKMARK [1][-]{section.4.2}{Analysis of Aforementioned Approaches}{chapter.4}% 27
\BOOKMARK [2][-]{subsection.4.2.1}{Stabilization of Adversarial Training}{section.4.2}% 28
\BOOKMARK [2][-]{subsection.4.2.2}{Convergence of Encoder Training}{section.4.2}% 29
\BOOKMARK [2][-]{subsection.4.2.3}{Encoded Energy Based Generative Adversarial Network}{section.4.2}% 30
\BOOKMARK [2][-]{subsection.4.2.4}{Anomaly Score Computation}{section.4.2}% 31
\BOOKMARK [1][-]{section.4.3}{Sequentially Encoded Energy Based Generative Adversarial Network}{chapter.4}% 32
\BOOKMARK [0][-]{chapter.5}{Experimental Results }{}% 33
\BOOKMARK [1][-]{section.5.1}{Experiment Settings}{chapter.5}% 34
\BOOKMARK [2][-]{subsection.5.1.1}{Performance Metrics}{section.5.1}% 35
\BOOKMARK [1][-]{section.5.2}{Pure GAN Model Analysis}{chapter.5}% 36
\BOOKMARK [1][-]{section.5.3}{Autoencoder Variant Model Analysis}{chapter.5}% 37
\BOOKMARK [1][-]{section.5.4}{Improved Model Analysis}{chapter.5}% 38
\BOOKMARK [1][-]{section.5.5}{Discussion of Experiment Results}{chapter.5}% 39
\BOOKMARK [0][-]{chapter.6}{Conclusion and Future Work}{}% 40
\BOOKMARK [0][-]{appendix.A}{Model Implementation Details}{}% 41
\BOOKMARK [1][-]{section.A.1}{AnoGAN Implementation}{appendix.A}% 42
\BOOKMARK [1][-]{section.A.2}{BiGAN Implementation}{appendix.A}% 43
\BOOKMARK [1][-]{section.A.3}{ALAD Implementation}{appendix.A}% 44
\BOOKMARK [1][-]{section.A.4}{GANomaly Implementation}{appendix.A}% 45
\BOOKMARK [1][-]{section.A.5}{Skip-GANomaly Implementation}{appendix.A}% 46
\BOOKMARK [1][-]{section.A.6}{ENCEBGAN Implementation}{appendix.A}% 47
\BOOKMARK [1][-]{section.A.7}{SENCEBGAN Implementation}{appendix.A}% 48
\BOOKMARK [0][-]{section*.36}{Bibliography}{}% 49
